This is pdfTeXk, Version 3.141592-1.40.3 (Web2C 7.5.6) (format=latex 2008.11.21)  12 DEC 2008 12:46
entering extended mode
 %&-line parsing enabled.
**./images.tex
(./images.tex
LaTeX2e <2005/12/01>
Babel <v3.8h> and hyphenation patterns for english, usenglishmax, dumylang, noh
yphenation, icelandic, interlingua, turkish, coptic, romanian, welsh, serbian, 
slovenian, estonian, esperanto, uppersorbian, indonesian, portuguese, spanish, 
catalan, galician, ukenglish, loaded.

(/usr/share/texmf-texlive/tex/latex/base/article.cls
Document Class: article 2005/09/16 v1.4f Standard LaTeX document class
(/usr/share/texmf-texlive/tex/latex/base/size10.clo
File: size10.clo 2005/09/16 v1.4f Standard LaTeX file (size option)
)
\c@part=\count79
\c@section=\count80
\c@subsection=\count81
\c@subsubsection=\count82
\c@paragraph=\count83
\c@subparagraph=\count84
\c@figure=\count85
\c@table=\count86
\abovecaptionskip=\skip41
\belowcaptionskip=\skip42
\bibindent=\dimen102
) (/usr/share/texmf-texlive/tex/latex/base/ifthen.sty
Package: ifthen 2001/05/26 v1.1c Standard LaTeX ifthen package (DPC)
) (/usr/share/texmf-texlive/tex/latex/base/fontenc.sty
Package: fontenc 2005/09/27 v1.99g Standard LaTeX package
(/usr/share/texmf-texlive/tex/latex/base/t1enc.def
File: t1enc.def 2005/09/27 v1.99g Standard LaTeX file
LaTeX Font Info:    Redeclaring font encoding T1 on input line 43.
)) (/usr/share/texmf-texlive/tex/latex/graphics/color.sty
Package: color 2005/11/14 v1.0j Standard LaTeX Color (DPC)
(/etc/texmf/tex/latex/config/color.cfg
File: color.cfg 2007/01/18 v1.5 color configuration of teTeX/TeXLive
)
Package color Info: Driver file: dvips.def on input line 130.
(/usr/share/texmf-texlive/tex/latex/graphics/dvips.def
File: dvips.def 1999/02/16 v3.0i Driver-dependant file (DPC,SPQR)
) (/usr/share/texmf-texlive/tex/latex/graphics/dvipsnam.def
File: dvipsnam.def 1999/02/16 v3.0i Driver-dependant file (DPC,SPQR)
)) (/usr/share/texmf-texlive/tex/latex/base/inputenc.sty
Package: inputenc 2006/05/05 v1.1b Input encoding file
\inpenc@prehook=\toks14
\inpenc@posthook=\toks15
(/usr/share/texmf-texlive/tex/latex/base/latin1.def
File: latin1.def 2006/05/05 v1.1b Input encoding file
))
\sizebox=\box26
\lthtmlwrite=\write3
(./images.aux)
\openout1 = `images.aux'.

LaTeX Font Info:    Checking defaults for OML/cmm/m/it on input line 125.
LaTeX Font Info:    ... okay on input line 125.
LaTeX Font Info:    Checking defaults for T1/cmr/m/n on input line 125.
LaTeX Font Info:    ... okay on input line 125.
LaTeX Font Info:    Checking defaults for OT1/cmr/m/n on input line 125.
LaTeX Font Info:    ... okay on input line 125.
LaTeX Font Info:    Checking defaults for OMS/cmsy/m/n on input line 125.
LaTeX Font Info:    ... okay on input line 125.
LaTeX Font Info:    Checking defaults for OMX/cmex/m/n on input line 125.
LaTeX Font Info:    ... okay on input line 125.
LaTeX Font Info:    Checking defaults for U/cmr/m/n on input line 125.
LaTeX Font Info:    ... okay on input line 125.

latex2htmlLength hsize=349.0pt

latex2htmlLength vsize=633.0pt

latex2htmlLength hoffset=0.0pt

latex2htmlLength voffset=0.0pt

latex2htmlLength topmargin=0.0pt

latex2htmlLength topskip=0.00003pt

latex2htmlLength headheight=0.0pt

latex2htmlLength headsep=0.0pt

latex2htmlLength parskip=0.0pt plus 1.0pt

latex2htmlLength oddsidemargin=62.0pt

latex2htmlLength evensidemargin=62.0pt

l2hSize :tex2html_nomath_inline404:5.49878pt::5.49878pt::3.277pt.
[1



]
LaTeX Font Info:    External font `cmex10' loaded for size
(Font)              <7> on input line 163.
LaTeX Font Info:    External font `cmex10' loaded for size
(Font)              <5> on input line 163.
l2hSize :tex2html_wrap_inline314:8.0pt::8.0pt::3.27768pt.
[2


]
l2hSize :tex2html_wrap_inline316:8.0pt::8.0pt::3.27768pt.
[3


]
l2hSize :tex2html_nomath_inline406:5.49878pt::5.49878pt::5.22096pt.
[4


]
l2hSize :tex2html_wrap_inline318:6.95676pt::6.95676pt::8.2777pt.
[5


]
l2hSize :tex2html_wrap_inline320:6.95676pt::6.95676pt::8.2777pt.
[6


]
l2hSize :tex2html_wrap_inline322:6.45676pt::0.0pt::8.2777pt.
[7


]
l2hSize :tex2html_wrap_inline324:6.45676pt::0.0pt::5.78578pt.
[8


]
l2hSize :tex2html_wrap_inline326:6.94444pt::0.0pt::4.79155pt.
[9


]
l2hSize :tex2html_wrap_inline328:6.45676pt::0.0pt::4.82745pt.
[10


]
l2hSize :tex2html_wrap_inline330:8.0pt::8.0pt::40.51619pt.
[11


]
l2hSize :tex2html_wrap_inline332:8.0pt::8.0pt::40.51619pt.
[12


]
l2hSize :tex2html_wrap_inline334:8.0pt::8.0pt::40.51619pt.
[13


]
l2hSize :tex2html_wrap_inline336:8.0pt::8.0pt::40.51619pt.
[14


]
l2hSize :tex2html_wrap_inline338:8.0pt::8.0pt::52.62155pt.
[15


]
l2hSize :tex2html_wrap_inline340:8.0pt::8.0pt::40.51619pt.
[16


]
l2hSize :tex2html_wrap_inline342:8.0pt::8.0pt::53.57988pt.
[17


]
l2hSize :tex2html_wrap_inline344:8.0pt::8.0pt::40.51619pt.
[18


] (./images.aux) ) 
Here is how much of TeX's memory you used:
 846 strings out of 94702
 9878 string characters out of 1177264
 50669 words of memory out of 1500000
 4107 multiletter control sequences out of 10000+50000
 4403 words of font info for 15 fonts, out of 1200000 for 2000
 293 hyphenation exceptions out of 8191
 23i,5n,19p,164b,153s stack positions out of 5000i,500n,6000p,200000b,5000s

Output written on images.dvi (18 pages, 4044 bytes).
